<?xml version="1.0" encoding="UTF-8"?>
<testsuite xmlns:xsi="http://www.w3.org/2001/XMLSchema-instance" xsi:noNamespaceSchemaLocation="https://maven.apache.org/surefire/maven-surefire-plugin/xsd/surefire-test-report-3.0.xsd" version="3.0" name="com.ordervalidation.OrderValidatorTests" time="0.316" tests="11" errors="0" skipped="0" failures="0">
  <properties>
[...]
</properties>
  <testcase name="testOrderValidationPass" classname="com.ordervalidation.OrderValidatorTests" time="0.279">
    <system-out><![CDATA[12:56:48.294 [main] INFO com.ordervalidation.engine.RulesEngine -- Initialized RulesEngine with 3 enabled rules
12:56:48.458 [main] DEBUG com.ordervalidation.engine.RulesEngine -- Rule RULE_001 (SA Markup) applied to order ORD007
12:56:48.458 [main] DEBUG com.ordervalidation.validator.OrderValidator -- Rules applicable to order ORD007: {RULE_001=APPLY_MARKUP:5}
12:56:48.461 [main] DEBUG com.ordervalidation.validator.OrderValidator -- No API template provided, skipping API fetch
12:56:48.462 [main] DEBUG com.ordervalidation.validator.OrderValidator -- No order data available for detailed validation of order ORD007
12:56:48.462 [main] INFO com.ordervalidation.validator.OrderValidator -- Validation for order ORD007 completed - Passed: true
]]></system-out>
  </testcase>
  <testcase name="testAeMarkupRule" classname="com.ordervalidation.OrderValidatorTests" time="0.007">
    <system-out><![CDATA[12:56:48.465 [main] INFO com.ordervalidation.engine.RulesEngine -- Initialized RulesEngine with 3 enabled rules
12:56:48.466 [main] DEBUG com.ordervalidation.engine.RulesEngine -- Rule RULE_003 (AE Markup) applied to order ORD010
]]></system-out>
  </testcase>
  <testcase name="testSaMarkupRuleNotApplied" classname="com.ordervalidation.OrderValidatorTests" time="0.002">
    <system-out><![CDATA[12:56:48.473 [main] INFO com.ordervalidation.engine.RulesEngine -- Initialized RulesEngine with 3 enabled rules
]]></system-out>
  </testcase>
  <testcase name="testInvalidRuleCondition" classname="com.ordervalidation.OrderValidatorTests" time="0.001">
    <system-out><![CDATA[12:56:48.476 [main] INFO com.ordervalidation.engine.RulesEngine -- Initialized RulesEngine with 3 enabled rules
12:56:48.476 [main] INFO com.ordervalidation.engine.RulesEngine -- Initialized RulesEngine with 1 enabled rules
]]></system-out>
  </testcase>
  <testcase name="testCombinedMarkup" classname="com.ordervalidation.OrderValidatorTests" time="0.002">
    <system-out><![CDATA[12:56:48.478 [main] INFO com.ordervalidation.engine.RulesEngine -- Initialized RulesEngine with 3 enabled rules
12:56:48.478 [main] INFO com.ordervalidation.engine.RulesEngine -- Initialized RulesEngine with 2 enabled rules
12:56:48.478 [main] DEBUG com.ordervalidation.engine.RulesEngine -- Rule RULE_001 (SA Markup) applied to order ORD006
12:56:48.479 [main] DEBUG com.ordervalidation.engine.RulesEngine -- Rule RULE_004 (Premium Markup) applied to order ORD006
]]></system-out>
  </testcase>
  <testcase name="testSaMarkupRule" classname="com.ordervalidation.OrderValidatorTests" time="0.002">
    <system-out><![CDATA[12:56:48.481 [main] INFO com.ordervalidation.engine.RulesEngine -- Initialized RulesEngine with 3 enabled rules
12:56:48.482 [main] DEBUG com.ordervalidation.engine.RulesEngine -- Rule RULE_001 (SA Markup) applied to order ORD001
]]></system-out>
  </testcase>
  <testcase name="testMultipleRulesApplication" classname="com.ordervalidation.OrderValidatorTests" time="0.002">
    <system-out><![CDATA[12:56:48.484 [main] INFO com.ordervalidation.engine.RulesEngine -- Initialized RulesEngine with 3 enabled rules
12:56:48.485 [main] DEBUG com.ordervalidation.engine.RulesEngine -- Rule RULE_001 (SA Markup) applied to order ORD005
12:56:48.485 [main] DEBUG com.ordervalidation.engine.RulesEngine -- Rule RULE_002 (Long Layover Hide) applied to order ORD005
]]></system-out>
  </testcase>
  <testcase name="testFlightHidingRule" classname="com.ordervalidation.OrderValidatorTests" time="0.002">
    <system-out><![CDATA[12:56:48.487 [main] INFO com.ordervalidation.engine.RulesEngine -- Initialized RulesEngine with 3 enabled rules
12:56:48.488 [main] DEBUG com.ordervalidation.engine.RulesEngine -- Rule RULE_002 (Long Layover Hide) applied to order ORD003
]]></system-out>
  </testcase>
  <testcase name="testOrderWithMissingAttributes" classname="com.ordervalidation.OrderValidatorTests" time="0.002">
    <system-out><![CDATA[12:56:48.490 [main] INFO com.ordervalidation.engine.RulesEngine -- Initialized RulesEngine with 3 enabled rules
]]></system-out>
  </testcase>
  <testcase name="testFlightHidingRuleNotApplied" classname="com.ordervalidation.OrderValidatorTests" time="0.002">
    <system-out><![CDATA[12:56:48.493 [main] INFO com.ordervalidation.engine.RulesEngine -- Initialized RulesEngine with 3 enabled rules
]]></system-out>
  </testcase>
  <testcase name="testDisabledRulesFiltering" classname="com.ordervalidation.OrderValidatorTests" time="0.002">
    <system-out><![CDATA[12:56:48.495 [main] INFO com.ordervalidation.engine.RulesEngine -- Initialized RulesEngine with 3 enabled rules
12:56:48.496 [main] INFO com.ordervalidation.engine.RulesEngine -- Initialized RulesEngine with 1 enabled rules
]]></system-out>
  </testcase>
</testsuite>